<?xml version="1.0" encoding="UTF-8"?>
<testng-results skipped="0" failed="0" ignored="0" total="2" passed="2">
  <reporter-output>
  </reporter-output>
  <suite name="Default suite" duration-ms="9640" started-at="2022-09-14T11:47:40Z" finished-at="2022-09-14T11:47:50Z">
    <groups>
    </groups>
    <test name="Default test" duration-ms="9640" started-at="2022-09-14T11:47:40Z" finished-at="2022-09-14T11:47:50Z">
      <class name="testCases.FBLoginTest">
        <test-method status="PASS" signature="setExtent()[pri:0, instance:testCases.FBLoginTest@5702b3b1]" name="setExtent" is-config="true" duration-ms="244" started-at="2022-09-14T11:47:40Z" finished-at="2022-09-14T11:47:41Z">
          <reporter-output>
          </reporter-output>
        </test-method> <!-- setExtent -->
        <test-method status="PASS" signature="setup()[pri:0, instance:testCases.FBLoginTest@5702b3b1]" name="setup" is-config="true" duration-ms="5023" started-at="2022-09-14T11:47:41Z" finished-at="2022-09-14T11:47:46Z">
          <reporter-output>
          </reporter-output>
        </test-method> <!-- setup -->
        <test-method status="PASS" signature="ImplPositioningMethod()[pri:6, instance:testCases.FBLoginTest@5702b3b1]" name="ImplPositioningMethod" duration-ms="197" started-at="2022-09-14T11:47:46Z" finished-at="2022-09-14T11:47:46Z">
          <reporter-output>
          </reporter-output>
        </test-method> <!-- ImplPositioningMethod -->
        <test-method status="PASS" signature="tearDown(org.testng.ITestResult)[pri:0, instance:testCases.FBLoginTest@5702b3b1]" name="tearDown" is-config="true" duration-ms="11" started-at="2022-09-14T11:47:46Z" finished-at="2022-09-14T11:47:46Z">
          <params>
            <param index="0">
              <value>
                <![CDATA[[TestResult name=ImplPositioningMethod status=SUCCESS method=FBLoginTest.ImplPositioningMethod()[pri:6, instance:testCases.FBLoginTest@5702b3b1] output={null}]]]>
              </value>
            </param>
          </params>
          <reporter-output>
          </reporter-output>
        </test-method> <!-- tearDown -->
        <test-method status="PASS" signature="setup()[pri:0, instance:testCases.FBLoginTest@5702b3b1]" name="setup" is-config="true" duration-ms="3579" started-at="2022-09-14T11:47:46Z" finished-at="2022-09-14T11:47:49Z">
          <reporter-output>
          </reporter-output>
        </test-method> <!-- setup -->
        <test-method status="PASS" signature="ImplPositioningMethod2()[pri:7, instance:testCases.FBLoginTest@5702b3b1]" name="ImplPositioningMethod2" duration-ms="189" started-at="2022-09-14T11:47:49Z" finished-at="2022-09-14T11:47:50Z">
          <reporter-output>
          </reporter-output>
        </test-method> <!-- ImplPositioningMethod2 -->
        <test-method status="PASS" signature="tearDown(org.testng.ITestResult)[pri:0, instance:testCases.FBLoginTest@5702b3b1]" name="tearDown" is-config="true" duration-ms="1" started-at="2022-09-14T11:47:50Z" finished-at="2022-09-14T11:47:50Z">
          <params>
            <param index="0">
              <value>
                <![CDATA[[TestResult name=ImplPositioningMethod2 status=SUCCESS method=FBLoginTest.ImplPositioningMethod2()[pri:7, instance:testCases.FBLoginTest@5702b3b1] output={null}]]]>
              </value>
            </param>
          </params>
          <reporter-output>
          </reporter-output>
        </test-method> <!-- tearDown -->
        <test-method status="PASS" signature="endReport()[pri:0, instance:testCases.FBLoginTest@5702b3b1]" name="endReport" is-config="true" duration-ms="369" started-at="2022-09-14T11:47:50Z" finished-at="2022-09-14T11:47:50Z">
          <reporter-output>
          </reporter-output>
        </test-method> <!-- endReport -->
      </class> <!-- testCases.FBLoginTest -->
    </test> <!-- Default test -->
  </suite> <!-- Default suite -->
</testng-results>
